#
# There is insufficient memory for the Java Runtime Environment to continue.
# Native memory allocation (malloc) failed to allocate 716177408 bytes for committing reserved memory.
# Possible reasons:
#   The system is out of physical RAM or swap space
#   In 32 bit mode, the process size limit was hit
# Possible solutions:
#   Reduce memory load on the system
#   Increase physical memory or swap space
#   Check if swap backing store is full
#   Use 64 bit Java on a 64 bit OS
#   Decrease Java heap size (-Xmx/-Xms)
#   Decrease number of Java threads
#   Decrease Java thread stack sizes (-Xss)
#   Set larger code cache with -XX:ReservedCodeCacheSize=
# This output file may be truncated or incomplete.
#
#  Out of Memory Error (os_linux.cpp:2798), pid=15738, tid=140524602537728
#
# JRE version:  (7.0_65-b32) (build )
# Java VM: OpenJDK 64-Bit Server VM (24.65-b04 mixed mode linux-amd64 compressed oops)
# Failed to write core dump. Core dumps have been disabled. To enable core dumping, try "ulimit -c unlimited" before starting Java again
#

---------------  T H R E A D  ---------------

Current thread (0x00007fce6800a000):  JavaThread "Unknown thread" [_thread_in_vm, id=15739, stack(0x00007fce6ef43000,0x00007fce6f044000)]

Stack: [0x00007fce6ef43000,0x00007fce6f044000],  sp=0x00007fce6f042430,  free space=1021k
Native frames: (J=compiled Java code, j=interpreted, Vv=VM code, C=native code)
V  [libjvm.so+0x924383]  VMError::report_and_die()+0x173
V  [libjvm.so+0x488780]  report_vm_out_of_memory(char const*, int, unsigned long, char const*)+0x70
V  [libjvm.so+0x7aa413]  os::pd_commit_memory(char*, unsigned long, unsigned long, bool)+0x103
V  [libjvm.so+0x7a4106]  os::commit_memory(char*, unsigned long, unsigned long, bool)+0x26
V  [libjvm.so+0x81262b]  PSVirtualSpace::expand_by(unsigned long)+0x6b
V  [libjvm.so+0x802eb1]  PSOldGen::initialize(ReservedSpace, unsigned long, char const*, int)+0xd1
V  [libjvm.so+0x2ac799]  AdjoiningGenerations::AdjoiningGenerations(ReservedSpace, unsigned long, unsigned long, unsigned long, unsigned long, unsigned long, unsigned long, unsigned long)+0x3d9
V  [libjvm.so+0x7c95d9]  ParallelScavengeHeap::initialize()+0x429
V  [libjvm.so+0x8f6836]  Universe::initialize_heap()+0xc6
V  [libjvm.so+0x8f6b74]  universe_init()+0x64
V  [libjvm.so+0x58ed2f]  init_globals()+0x4f
V  [libjvm.so+0x8dd1f9]  Threads::create_vm(JavaVMInitArgs*, bool*)+0x329
V  [libjvm.so+0x5f93aa]  JNI_CreateJavaVM+0x5a
C  [libjli.so+0x2a47]


---------------  P R O C E S S  ---------------

Java Threads: ( => current thread )

Other Threads:

=>0x00007fce6800a000 (exited) JavaThread "Unknown thread" [_thread_in_vm, id=15739, stack(0x00007fce6ef43000,0x00007fce6f044000)]

VM state:not at safepoint (not fully initialized)

VM Mutex/Monitor currently owned by a thread: None

GC Heap History (0 events):
No events

Deoptimization events (0 events):
No events

Internal exceptions (0 events):
No events

Events (0 events):
No events


Dynamic libraries:
00400000-00401000 r-xp 00000000 08:05 2650124                            /usr/lib/jvm/java-7-openjdk-amd64/jre/bin/java
00600000-00601000 r--p 00000000 08:05 2650124                            /usr/lib/jvm/java-7-openjdk-amd64/jre/bin/java
00601000-00602000 rw-p 00001000 08:05 2650124                            /usr/lib/jvm/java-7-openjdk-amd64/jre/bin/java
01e43000-01e64000 rw-p 00000000 00:00 0                                  [heap]
aff80000-bff80000 rw-p 00000000 00:00 0 
eaa80000-100000000 rw-p 00000000 00:00 0 
7fce5f3f9000-7fce5f55d000 rw-p 00000000 00:00 0 
7fce5f55d000-7fce5f732000 rw-p 00000000 00:00 0 
7fce5f732000-7fce5f7e8000 rw-p 00000000 00:00 0 
7fce5f7e8000-7fce5f9de000 rw-p 00000000 00:00 0 
7fce5f9de000-7fce5fc4e000 rwxp 00000000 00:00 0 
7fce5fc4e000-7fce679de000 rw-p 00000000 00:00 0 
7fce679de000-7fce679e6000 r-xp 00000000 08:05 16439                      /usr/lib/jvm/java-7-openjdk-amd64/jre/lib/amd64/libzip.so
7fce679e6000-7fce67be5000 ---p 00008000 08:05 16439                      /usr/lib/jvm/java-7-openjdk-amd64/jre/lib/amd64/libzip.so
7fce67be5000-7fce67be6000 r--p 00007000 08:05 16439                      /usr/lib/jvm/java-7-openjdk-amd64/jre/lib/amd64/libzip.so
7fce67be6000-7fce67be7000 rw-p 00008000 08:05 16439                      /usr/lib/jvm/java-7-openjdk-amd64/jre/lib/amd64/libzip.so
7fce67be7000-7fce67bf3000 r-xp 00000000 08:05 2786817                    /lib/x86_64-linux-gnu/libnss_files-2.15.so
7fce67bf3000-7fce67df2000 ---p 0000c000 08:05 2786817                    /lib/x86_64-linux-gnu/libnss_files-2.15.so
7fce67df2000-7fce67df3000 r--p 0000b000 08:05 2786817                    /lib/x86_64-linux-gnu/libnss_files-2.15.so
7fce67df3000-7fce67df4000 rw-p 0000c000 08:05 2786817                    /lib/x86_64-linux-gnu/libnss_files-2.15.so
7fce67df4000-7fce67dfe000 r-xp 00000000 08:05 2786816                    /lib/x86_64-linux-gnu/libnss_nis-2.15.so
7fce67dfe000-7fce67ffe000 ---p 0000a000 08:05 2786816                    /lib/x86_64-linux-gnu/libnss_nis-2.15.so
7fce67ffe000-7fce67fff000 r--p 0000a000 08:05 2786816                    /lib/x86_64-linux-gnu/libnss_nis-2.15.so
7fce67fff000-7fce68000000 rw-p 0000b000 08:05 2786816                    /lib/x86_64-linux-gnu/libnss_nis-2.15.so
7fce68000000-7fce68023000 rw-p 00000000 00:00 0 
7fce68023000-7fce6c000000 ---p 00000000 00:00 0 
7fce6c115000-7fce6c1f0000 rw-p 00000000 00:00 0 
7fce6c1f0000-7fce6c207000 r-xp 00000000 08:05 2786803                    /lib/x86_64-linux-gnu/libnsl-2.15.so
7fce6c207000-7fce6c406000 ---p 00017000 08:05 2786803                    /lib/x86_64-linux-gnu/libnsl-2.15.so
7fce6c406000-7fce6c407000 r--p 00016000 08:05 2786803                    /lib/x86_64-linux-gnu/libnsl-2.15.so
7fce6c407000-7fce6c408000 rw-p 00017000 08:05 2786803                    /lib/x86_64-linux-gnu/libnsl-2.15.so
7fce6c408000-7fce6c40a000 rw-p 00000000 00:00 0 
7fce6c40a000-7fce6c412000 r-xp 00000000 08:05 2786818                    /lib/x86_64-linux-gnu/libnss_compat-2.15.so
7fce6c412000-7fce6c611000 ---p 00008000 08:05 2786818                    /lib/x86_64-linux-gnu/libnss_compat-2.15.so
7fce6c611000-7fce6c612000 r--p 00007000 08:05 2786818                    /lib/x86_64-linux-gnu/libnss_compat-2.15.so
7fce6c612000-7fce6c613000 rw-p 00008000 08:05 2786818                    /lib/x86_64-linux-gnu/libnss_compat-2.15.so
7fce6c613000-7fce6c63c000 r-xp 00000000 08:05 16424                      /usr/lib/jvm/java-7-openjdk-amd64/jre/lib/amd64/libjava.so
7fce6c63c000-7fce6c83b000 ---p 00029000 08:05 16424                      /usr/lib/jvm/java-7-openjdk-amd64/jre/lib/amd64/libjava.so
7fce6c83b000-7fce6c83c000 r--p 00028000 08:05 16424                      /usr/lib/jvm/java-7-openjdk-amd64/jre/lib/amd64/libjava.so
7fce6c83c000-7fce6c83e000 rw-p 00029000 08:05 16424                      /usr/lib/jvm/java-7-openjdk-amd64/jre/lib/amd64/libjava.so
7fce6c83e000-7fce6c84c000 r-xp 00000000 08:05 16423                      /usr/lib/jvm/java-7-openjdk-amd64/jre/lib/amd64/libverify.so
7fce6c84c000-7fce6ca4b000 ---p 0000e000 08:05 16423                      /usr/lib/jvm/java-7-openjdk-amd64/jre/lib/amd64/libverify.so
7fce6ca4b000-7fce6ca4d000 r--p 0000d000 08:05 16423                      /usr/lib/jvm/java-7-openjdk-amd64/jre/lib/amd64/libverify.so
7fce6ca4d000-7fce6ca4e000 rw-p 0000f000 08:05 16423                      /usr/lib/jvm/java-7-openjdk-amd64/jre/lib/amd64/libverify.so
7fce6ca4e000-7fce6ca55000 r-xp 00000000 08:05 2786811                    /lib/x86_64-linux-gnu/librt-2.15.so
7fce6ca55000-7fce6cc54000 ---p 00007000 08:05 2786811                    /lib/x86_64-linux-gnu/librt-2.15.so
7fce6cc54000-7fce6cc55000 r--p 00006000 08:05 2786811                    /lib/x86_64-linux-gnu/librt-2.15.so
7fce6cc55000-7fce6cc56000 rw-p 00007000 08:05 2786811                    /lib/x86_64-linux-gnu/librt-2.15.so
7fce6cc56000-7fce6cc6b000 r-xp 00000000 08:05 2756450                    /lib/x86_64-linux-gnu/libgcc_s.so.1
7fce6cc6b000-7fce6ce6a000 ---p 00015000 08:05 2756450                    /lib/x86_64-linux-gnu/libgcc_s.so.1
7fce6ce6a000-7fce6ce6b000 r--p 00014000 08:05 2756450                    /lib/x86_64-linux-gnu/libgcc_s.so.1
7fce6ce6b000-7fce6ce6c000 rw-p 00015000 08:05 2756450                    /lib/x86_64-linux-gnu/libgcc_s.so.1
7fce6ce6c000-7fce6cf67000 r-xp 00000000 08:05 2786815                    /lib/x86_64-linux-gnu/libm-2.15.so
7fce6cf67000-7fce6d166000 ---p 000fb000 08:05 2786815                    /lib/x86_64-linux-gnu/libm-2.15.so
7fce6d166000-7fce6d167000 r--p 000fa000 08:05 2786815                    /lib/x86_64-linux-gnu/libm-2.15.so
7fce6d167000-7fce6d168000 rw-p 000fb000 08:05 2786815                    /lib/x86_64-linux-gnu/libm-2.15.so
7fce6d168000-7fce6d24a000 r-xp 00000000 08:05 2629820                    /usr/lib/x86_64-linux-gnu/libstdc++.so.6.0.16
7fce6d24a000-7fce6d449000 ---p 000e2000 08:05 2629820                    /usr/lib/x86_64-linux-gnu/libstdc++.so.6.0.16
7fce6d449000-7fce6d451000 r--p 000e1000 08:05 2629820                    /usr/lib/x86_64-linux-gnu/libstdc++.so.6.0.16
7fce6d451000-7fce6d453000 rw-p 000e9000 08:05 2629820                    /usr/lib/x86_64-linux-gnu/libstdc++.so.6.0.16
7fce6d453000-7fce6d468000 rw-p 00000000 00:00 0 
7fce6d468000-7fce6df55000 r-xp 00000000 08:05 16428                      /usr/lib/jvm/java-7-openjdk-amd64/jre/lib/amd64/server/libjvm.so
7fce6df55000-7fce6e154000 ---p 00aed000 08:05 16428                      /usr/lib/jvm/java-7-openjdk-amd64/jre/lib/amd64/server/libjvm.so
7fce6e154000-7fce6e1f5000 r--p 00aec000 08:05 16428                      /usr/lib/jvm/java-7-openjdk-amd64/jre/lib/amd64/server/libjvm.so
7fce6e1f5000-7fce6e218000 rw-p 00b8d000 08:05 16428                      /usr/lib/jvm/java-7-openjdk-amd64/jre/lib/amd64/server/libjvm.so
7fce6e218000-7fce6e245000 rw-p 00000000 00:00 0 
7fce6e245000-7fce6e25b000 r-xp 00000000 08:05 2756540                    /lib/x86_64-linux-gnu/libz.so.1.2.3.4
7fce6e25b000-7fce6e45a000 ---p 00016000 08:05 2756540                    /lib/x86_64-linux-gnu/libz.so.1.2.3.4
7fce6e45a000-7fce6e45b000 r--p 00015000 08:05 2756540                    /lib/x86_64-linux-gnu/libz.so.1.2.3.4
7fce6e45b000-7fce6e45c000 rw-p 00016000 08:05 2756540                    /lib/x86_64-linux-gnu/libz.so.1.2.3.4
7fce6e45c000-7fce6e474000 r-xp 00000000 08:05 2786809                    /lib/x86_64-linux-gnu/libpthread-2.15.so
7fce6e474000-7fce6e673000 ---p 00018000 08:05 2786809                    /lib/x86_64-linux-gnu/libpthread-2.15.so
7fce6e673000-7fce6e674000 r--p 00017000 08:05 2786809                    /lib/x86_64-linux-gnu/libpthread-2.15.so
7fce6e674000-7fce6e675000 rw-p 00018000 08:05 2786809                    /lib/x86_64-linux-gnu/libpthread-2.15.so
7fce6e675000-7fce6e679000 rw-p 00000000 00:00 0 
7fce6e679000-7fce6e67b000 r-xp 00000000 08:05 2786819                    /lib/x86_64-linux-gnu/libdl-2.15.so
7fce6e67b000-7fce6e87b000 ---p 00002000 08:05 2786819                    /lib/x86_64-linux-gnu/libdl-2.15.so
7fce6e87b000-7fce6e87c000 r--p 00002000 08:05 2786819                    /lib/x86_64-linux-gnu/libdl-2.15.so
7fce6e87c000-7fce6e87d000 rw-p 00003000 08:05 2786819                    /lib/x86_64-linux-gnu/libdl-2.15.so
7fce6e87d000-7fce6ea32000 r-xp 00000000 08:05 2786820                    /lib/x86_64-linux-gnu/libc-2.15.so
7fce6ea32000-7fce6ec31000 ---p 001b5000 08:05 2786820                    /lib/x86_64-linux-gnu/libc-2.15.so
7fce6ec31000-7fce6ec35000 r--p 001b4000 08:05 2786820                    /lib/x86_64-linux-gnu/libc-2.15.so
7fce6ec35000-7fce6ec37000 rw-p 001b8000 08:05 2786820                    /lib/x86_64-linux-gnu/libc-2.15.so
7fce6ec37000-7fce6ec3c000 rw-p 00000000 00:00 0 
7fce6ec3c000-7fce6ec49000 r-xp 00000000 08:05 16408                      /usr/lib/jvm/java-7-openjdk-amd64/jre/lib/amd64/jli/libjli.so
7fce6ec49000-7fce6ee48000 ---p 0000d000 08:05 16408                      /usr/lib/jvm/java-7-openjdk-amd64/jre/lib/amd64/jli/libjli.so
7fce6ee48000-7fce6ee49000 r--p 0000c000 08:05 16408                      /usr/lib/jvm/java-7-openjdk-amd64/jre/lib/amd64/jli/libjli.so
7fce6ee49000-7fce6ee4a000 rw-p 0000d000 08:05 16408                      /usr/lib/jvm/java-7-openjdk-amd64/jre/lib/amd64/jli/libjli.so
7fce6ee4a000-7fce6ee6c000 r-xp 00000000 08:05 2786810                    /lib/x86_64-linux-gnu/ld-2.15.so
7fce6ef43000-7fce6ef46000 ---p 00000000 00:00 0 
7fce6ef46000-7fce6f049000 rw-p 00000000 00:00 0                          [stack:15739]
7fce6f05e000-7fce6f060000 rw-p 00000000 00:00 0 
7fce6f060000-7fce6f068000 rw-s 00000000 08:05 2915480                    /tmp/hsperfdata_no_name/15738
7fce6f068000-7fce6f069000 rw-p 00000000 00:00 0 
7fce6f069000-7fce6f06a000 r--p 00000000 00:00 0 
7fce6f06a000-7fce6f06c000 rw-p 00000000 00:00 0 
7fce6f06c000-7fce6f06d000 r--p 00022000 08:05 2786810                    /lib/x86_64-linux-gnu/ld-2.15.so
7fce6f06d000-7fce6f06f000 rw-p 00023000 08:05 2786810                    /lib/x86_64-linux-gnu/ld-2.15.so
7fff49917000-7fff49939000 rw-p 00000000 00:00 0                          [stack]
7fff499ea000-7fff499ec000 r-xp 00000000 00:00 0                          [vdso]
ffffffffff600000-ffffffffff601000 r-xp 00000000 00:00 0                  [vsyscall]

VM Arguments:
jvm_args: -Xms1024m -Xmx1024m -XX:ReservedCodeCacheSize=128m -XX:MaxPermSize=256m 
java_command: /home/no_name/PredictionIO-0.9.1/sbt/sbt-launch-0.13.7.jar package assemblyPackageDependency
Launcher Type: SUN_STANDARD

Environment Variables:
JAVA_HOME=/usr/lib/jvm/java-7-openjdk-amd64
CLASSPATH=/home/no_name/PredictionIO-0.9.1/conf:/home/no_name/PredictionIO-0.9.1/lib/pio-assembly-0.9.1.jar:/home/no_name/PredictionIO-0.9.1/conf
PATH=/usr/lib/lightdm/lightdm:/usr/local/sbin:/usr/local/bin:/usr/sbin:/usr/bin:/sbin:/bin:/usr/games:/usr/local/hadoop/bin:/usr/local/hadoop/sbin:/home/no_name/PredictionIO-0.9.1/bin
SHELL=/bin/bash
DISPLAY=:0.0

Signal Handlers:
SIGSEGV: [libjvm.so+0x924de0], sa_mask[0]=0x7ffbfeff, sa_flags=0x10000004
SIGBUS: [libjvm.so+0x924de0], sa_mask[0]=0x7ffbfeff, sa_flags=0x10000004
SIGFPE: [libjvm.so+0x7a4d90], sa_mask[0]=0x7ffbfeff, sa_flags=0x10000004
SIGPIPE: [libjvm.so+0x7a4d90], sa_mask[0]=0x7ffbfeff, sa_flags=0x10000004
SIGXFSZ: [libjvm.so+0x7a4d90], sa_mask[0]=0x7ffbfeff, sa_flags=0x10000004
SIGILL: [libjvm.so+0x7a4d90], sa_mask[0]=0x7ffbfeff, sa_flags=0x10000004
SIGUSR1: SIG_DFL, sa_mask[0]=0x00000000, sa_flags=0x00000000
SIGUSR2: [libjvm.so+0x7a4fb0], sa_mask[0]=0x00000004, sa_flags=0x10000004
SIGHUP: SIG_DFL, sa_mask[0]=0x00000000, sa_flags=0x00000000
SIGINT: SIG_DFL, sa_mask[0]=0x00000000, sa_flags=0x00000000
SIGTERM: SIG_DFL, sa_mask[0]=0x00000000, sa_flags=0x00000000
SIGQUIT: SIG_DFL, sa_mask[0]=0x00000000, sa_flags=0x00000000
SIGTRAP: SIG_DFL, sa_mask[0]=0x00000000, sa_flags=0x00000000


---------------  S Y S T E M  ---------------

OS:Ubuntu 12.04 (precise)
uname:Linux 3.8.0-29-generic #42~precise1-Ubuntu SMP Wed Aug 14 16:19:23 UTC 2013 x86_64
libc:glibc 2.15 NPTL 2.15 
rlimit: STACK 8192k, CORE 0k, NPROC 30672, NOFILE 4096, AS infinity
load average:0.33 0.39 0.40

/proc/meminfo:
MemTotal:        3944892 kB
MemFree:          142584 kB
Buffers:           15304 kB
Cached:           560024 kB
SwapCached:        35316 kB
Active:          2563856 kB
Inactive:         999376 kB
Active(anon):    2402348 kB
Inactive(anon):   856064 kB
Active(file):     161508 kB
Inactive(file):   143312 kB
Unevictable:          32 kB
Mlocked:              32 kB
SwapTotal:       1034236 kB
SwapFree:         166176 kB
Dirty:                48 kB
Writeback:             0 kB
AnonPages:       2952604 kB
Mapped:           184328 kB
Shmem:            270656 kB
Slab:              96220 kB
SReclaimable:      52184 kB
SUnreclaim:        44036 kB
KernelStack:        8416 kB
PageTables:        62964 kB
NFS_Unstable:          0 kB
Bounce:                0 kB
WritebackTmp:          0 kB
CommitLimit:     3006680 kB
Committed_AS:    9815244 kB
VmallocTotal:   34359738367 kB
VmallocUsed:      543748 kB
VmallocChunk:   34359190928 kB
HardwareCorrupted:     0 kB
AnonHugePages:         0 kB
HugePages_Total:       0
HugePages_Free:        0
HugePages_Rsvd:        0
HugePages_Surp:        0
Hugepagesize:       2048 kB
DirectMap4k:       71680 kB
DirectMap2M:     4030464 kB


CPU:total 4 (2 cores per cpu, 2 threads per core) family 6 model 58 stepping 9, cmov, cx8, fxsr, mmx, sse, sse2, sse3, ssse3, sse4.1, sse4.2, popcnt, avx, aes, erms, ht, tsc, tscinvbit, tscinv

/proc/cpuinfo:
processor	: 0
vendor_id	: GenuineIntel
cpu family	: 6
model		: 58
model name	: Intel(R) Core(TM) i5-3210M CPU @ 2.50GHz
stepping	: 9
microcode	: 0x15
cpu MHz		: 1200.000
cache size	: 3072 KB
physical id	: 0
siblings	: 4
core id		: 0
cpu cores	: 2
apicid		: 0
initial apicid	: 0
fpu		: yes
fpu_exception	: yes
cpuid level	: 13
wp		: yes
flags		: fpu vme de pse tsc msr pae mce cx8 apic sep mtrr pge mca cmov pat pse36 clflush dts acpi mmx fxsr sse sse2 ss ht tm pbe syscall nx rdtscp lm constant_tsc arch_perfmon pebs bts rep_good nopl xtopology nonstop_tsc aperfmperf eagerfpu pni pclmulqdq dtes64 monitor ds_cpl vmx est tm2 ssse3 cx16 xtpr pdcm pcid sse4_1 sse4_2 x2apic popcnt tsc_deadline_timer aes xsave avx f16c rdrand lahf_lm ida arat epb xsaveopt pln pts dtherm tpr_shadow vnmi flexpriority ept vpid fsgsbase smep erms
bogomips	: 4988.51
clflush size	: 64
cache_alignment	: 64
address sizes	: 36 bits physical, 48 bits virtual
power management:

processor	: 1
vendor_id	: GenuineIntel
cpu family	: 6
model		: 58
model name	: Intel(R) Core(TM) i5-3210M CPU @ 2.50GHz
stepping	: 9
microcode	: 0x15
cpu MHz		: 1200.000
cache size	: 3072 KB
physical id	: 0
siblings	: 4
core id		: 0
cpu cores	: 2
apicid		: 1
initial apicid	: 1
fpu		: yes
fpu_exception	: yes
cpuid level	: 13
wp		: yes
flags		: fpu vme de pse tsc msr pae mce cx8 apic sep mtrr pge mca cmov pat pse36 clflush dts acpi mmx fxsr sse sse2 ss ht tm pbe syscall nx rdtscp lm constant_tsc arch_perfmon pebs bts rep_good nopl xtopology nonstop_tsc aperfmperf eagerfpu pni pclmulqdq dtes64 monitor ds_cpl vmx est tm2 ssse3 cx16 xtpr pdcm pcid sse4_1 sse4_2 x2apic popcnt tsc_deadline_timer aes xsave avx f16c rdrand lahf_lm ida arat epb xsaveopt pln pts dtherm tpr_shadow vnmi flexpriority ept vpid fsgsbase smep erms
bogomips	: 4988.51
clflush size	: 64
cache_alignment	: 64
address sizes	: 36 bits physical, 48 bits virtual
power management:

processor	: 2
vendor_id	: GenuineIntel
cpu family	: 6
model		: 58
model name	: Intel(R) Core(TM) i5-3210M CPU @ 2.50GHz
stepping	: 9
microcode	: 0x15
cpu MHz		: 1200.000
cache size	: 3072 KB
physical id	: 0
siblings	: 4
core id		: 1
cpu cores	: 2
apicid		: 2
initial apicid	: 2
fpu		: yes
fpu_exception	: yes
cpuid level	: 13
wp		: yes
flags		: fpu vme de pse tsc msr pae mce cx8 apic sep mtrr pge mca cmov pat pse36 clflush dts acpi mmx fxsr sse sse2 ss ht tm pbe syscall nx rdtscp lm constant_tsc arch_perfmon pebs bts rep_good nopl xtopology nonstop_tsc aperfmperf eagerfpu pni pclmulqdq dtes64 monitor ds_cpl vmx est tm2 ssse3 cx16 xtpr pdcm pcid sse4_1 sse4_2 x2apic popcnt tsc_deadline_timer aes xsave avx f16c rdrand lahf_lm ida arat epb xsaveopt pln pts dtherm tpr_shadow vnmi flexpriority ept vpid fsgsbase smep erms
bogomips	: 4988.51
clflush size	: 64
cache_alignment	: 64
address sizes	: 36 bits physical, 48 bits virtual
power management:

processor	: 3
vendor_id	: GenuineIntel
cpu family	: 6
model		: 58
model name	: Intel(R) Core(TM) i5-3210M CPU @ 2.50GHz
stepping	: 9
microcode	: 0x15
cpu MHz		: 2501.000
cache size	: 3072 KB
physical id	: 0
siblings	: 4
core id		: 1
cpu cores	: 2
apicid		: 3
initial apicid	: 3
fpu		: yes
fpu_exception	: yes
cpuid level	: 13
wp		: yes
flags		: fpu vme de pse tsc msr pae mce cx8 apic sep mtrr pge mca cmov pat pse36 clflush dts acpi mmx fxsr sse sse2 ss ht tm pbe syscall nx rdtscp lm constant_tsc arch_perfmon pebs bts rep_good nopl xtopology nonstop_tsc aperfmperf eagerfpu pni pclmulqdq dtes64 monitor ds_cpl vmx est tm2 ssse3 cx16 xtpr pdcm pcid sse4_1 sse4_2 x2apic popcnt tsc_deadline_timer aes xsave avx f16c rdrand lahf_lm ida arat epb xsaveopt pln pts dtherm tpr_shadow vnmi flexpriority ept vpid fsgsbase smep erms
bogomips	: 4988.51
clflush size	: 64
cache_alignment	: 64
address sizes	: 36 bits physical, 48 bits virtual
power management:



Memory: 4k page, physical 3944892k(142584k free), swap 1034236k(166176k free)

vm_info: OpenJDK 64-Bit Server VM (24.65-b04) for linux-amd64 JRE (1.7.0_65-b32), built on Aug 23 2014 13:37:14 by "buildd" with gcc 4.6.3

time: Sat Mar 28 01:45:27 2015
elapsed time: 0 seconds

