#
# There is insufficient memory for the Java Runtime Environment to continue.
# Native memory allocation (malloc) failed to allocate 716177408 bytes for committing reserved memory.
# Possible reasons:
#   The system is out of physical RAM or swap space
#   In 32 bit mode, the process size limit was hit
# Possible solutions:
#   Reduce memory load on the system
#   Increase physical memory or swap space
#   Check if swap backing store is full
#   Use 64 bit Java on a 64 bit OS
#   Decrease Java heap size (-Xmx/-Xms)
#   Decrease number of Java threads
#   Decrease Java thread stack sizes (-Xss)
#   Set larger code cache with -XX:ReservedCodeCacheSize=
# This output file may be truncated or incomplete.
#
#  Out of Memory Error (os_linux.cpp:2798), pid=15632, tid=139847445030656
#
# JRE version:  (7.0_65-b32) (build )
# Java VM: OpenJDK 64-Bit Server VM (24.65-b04 mixed mode linux-amd64 compressed oops)
# Failed to write core dump. Core dumps have been disabled. To enable core dumping, try "ulimit -c unlimited" before starting Java again
#

---------------  T H R E A D  ---------------

Current thread (0x00007f30bc00a000):  JavaThread "Unknown thread" [_thread_in_vm, id=15633, stack(0x00007f30c538a000,0x00007f30c548b000)]

Stack: [0x00007f30c538a000,0x00007f30c548b000],  sp=0x00007f30c5489430,  free space=1021k
Native frames: (J=compiled Java code, j=interpreted, Vv=VM code, C=native code)
V  [libjvm.so+0x924383]  VMError::report_and_die()+0x173
V  [libjvm.so+0x488780]  report_vm_out_of_memory(char const*, int, unsigned long, char const*)+0x70
V  [libjvm.so+0x7aa413]  os::pd_commit_memory(char*, unsigned long, unsigned long, bool)+0x103
V  [libjvm.so+0x7a4106]  os::commit_memory(char*, unsigned long, unsigned long, bool)+0x26
V  [libjvm.so+0x81262b]  PSVirtualSpace::expand_by(unsigned long)+0x6b
V  [libjvm.so+0x802eb1]  PSOldGen::initialize(ReservedSpace, unsigned long, char const*, int)+0xd1
V  [libjvm.so+0x2ac799]  AdjoiningGenerations::AdjoiningGenerations(ReservedSpace, unsigned long, unsigned long, unsigned long, unsigned long, unsigned long, unsigned long, unsigned long)+0x3d9
V  [libjvm.so+0x7c95d9]  ParallelScavengeHeap::initialize()+0x429
V  [libjvm.so+0x8f6836]  Universe::initialize_heap()+0xc6
V  [libjvm.so+0x8f6b74]  universe_init()+0x64
V  [libjvm.so+0x58ed2f]  init_globals()+0x4f
V  [libjvm.so+0x8dd1f9]  Threads::create_vm(JavaVMInitArgs*, bool*)+0x329
V  [libjvm.so+0x5f93aa]  JNI_CreateJavaVM+0x5a
C  [libjli.so+0x2a47]


---------------  P R O C E S S  ---------------

Java Threads: ( => current thread )

Other Threads:

=>0x00007f30bc00a000 (exited) JavaThread "Unknown thread" [_thread_in_vm, id=15633, stack(0x00007f30c538a000,0x00007f30c548b000)]

VM state:not at safepoint (not fully initialized)

VM Mutex/Monitor currently owned by a thread: None

GC Heap History (0 events):
No events

Deoptimization events (0 events):
No events

Internal exceptions (0 events):
No events

Events (0 events):
No events


Dynamic libraries:
00400000-00401000 r-xp 00000000 08:05 2650124                            /usr/lib/jvm/java-7-openjdk-amd64/jre/bin/java
00600000-00601000 r--p 00000000 08:05 2650124                            /usr/lib/jvm/java-7-openjdk-amd64/jre/bin/java
00601000-00602000 rw-p 00001000 08:05 2650124                            /usr/lib/jvm/java-7-openjdk-amd64/jre/bin/java
00b0a000-00b2b000 rw-p 00000000 00:00 0                                  [heap]
aff80000-bff80000 rw-p 00000000 00:00 0 
eaa80000-100000000 rw-p 00000000 00:00 0 
7f30b4000000-7f30b4270000 rwxp 00000000 00:00 0 
7f30b4270000-7f30bc023000 rw-p 00000000 00:00 0 
7f30bc023000-7f30c0000000 ---p 00000000 00:00 0 
7f30c1955000-7f30c1b94000 rw-p 00000000 00:00 0 
7f30c1b94000-7f30c1d69000 rw-p 00000000 00:00 0 
7f30c1d69000-7f30c1e1f000 rw-p 00000000 00:00 0 
7f30c1e1f000-7f30c2015000 rw-p 00000000 00:00 0 
7f30c2015000-7f30c201d000 r-xp 00000000 08:05 16439                      /usr/lib/jvm/java-7-openjdk-amd64/jre/lib/amd64/libzip.so
7f30c201d000-7f30c221c000 ---p 00008000 08:05 16439                      /usr/lib/jvm/java-7-openjdk-amd64/jre/lib/amd64/libzip.so
7f30c221c000-7f30c221d000 r--p 00007000 08:05 16439                      /usr/lib/jvm/java-7-openjdk-amd64/jre/lib/amd64/libzip.so
7f30c221d000-7f30c221e000 rw-p 00008000 08:05 16439                      /usr/lib/jvm/java-7-openjdk-amd64/jre/lib/amd64/libzip.so
7f30c221e000-7f30c222a000 r-xp 00000000 08:05 2786817                    /lib/x86_64-linux-gnu/libnss_files-2.15.so
7f30c222a000-7f30c2429000 ---p 0000c000 08:05 2786817                    /lib/x86_64-linux-gnu/libnss_files-2.15.so
7f30c2429000-7f30c242a000 r--p 0000b000 08:05 2786817                    /lib/x86_64-linux-gnu/libnss_files-2.15.so
7f30c242a000-7f30c242b000 rw-p 0000c000 08:05 2786817                    /lib/x86_64-linux-gnu/libnss_files-2.15.so
7f30c242b000-7f30c2435000 r-xp 00000000 08:05 2786816                    /lib/x86_64-linux-gnu/libnss_nis-2.15.so
7f30c2435000-7f30c2635000 ---p 0000a000 08:05 2786816                    /lib/x86_64-linux-gnu/libnss_nis-2.15.so
7f30c2635000-7f30c2636000 r--p 0000a000 08:05 2786816                    /lib/x86_64-linux-gnu/libnss_nis-2.15.so
7f30c2636000-7f30c2637000 rw-p 0000b000 08:05 2786816                    /lib/x86_64-linux-gnu/libnss_nis-2.15.so
7f30c2637000-7f30c264e000 r-xp 00000000 08:05 2786803                    /lib/x86_64-linux-gnu/libnsl-2.15.so
7f30c264e000-7f30c284d000 ---p 00017000 08:05 2786803                    /lib/x86_64-linux-gnu/libnsl-2.15.so
7f30c284d000-7f30c284e000 r--p 00016000 08:05 2786803                    /lib/x86_64-linux-gnu/libnsl-2.15.so
7f30c284e000-7f30c284f000 rw-p 00017000 08:05 2786803                    /lib/x86_64-linux-gnu/libnsl-2.15.so
7f30c284f000-7f30c2851000 rw-p 00000000 00:00 0 
7f30c2851000-7f30c2859000 r-xp 00000000 08:05 2786818                    /lib/x86_64-linux-gnu/libnss_compat-2.15.so
7f30c2859000-7f30c2a58000 ---p 00008000 08:05 2786818                    /lib/x86_64-linux-gnu/libnss_compat-2.15.so
7f30c2a58000-7f30c2a59000 r--p 00007000 08:05 2786818                    /lib/x86_64-linux-gnu/libnss_compat-2.15.so
7f30c2a59000-7f30c2a5a000 rw-p 00008000 08:05 2786818                    /lib/x86_64-linux-gnu/libnss_compat-2.15.so
7f30c2a5a000-7f30c2a83000 r-xp 00000000 08:05 16424                      /usr/lib/jvm/java-7-openjdk-amd64/jre/lib/amd64/libjava.so
7f30c2a83000-7f30c2c82000 ---p 00029000 08:05 16424                      /usr/lib/jvm/java-7-openjdk-amd64/jre/lib/amd64/libjava.so
7f30c2c82000-7f30c2c83000 r--p 00028000 08:05 16424                      /usr/lib/jvm/java-7-openjdk-amd64/jre/lib/amd64/libjava.so
7f30c2c83000-7f30c2c85000 rw-p 00029000 08:05 16424                      /usr/lib/jvm/java-7-openjdk-amd64/jre/lib/amd64/libjava.so
7f30c2c85000-7f30c2c93000 r-xp 00000000 08:05 16423                      /usr/lib/jvm/java-7-openjdk-amd64/jre/lib/amd64/libverify.so
7f30c2c93000-7f30c2e92000 ---p 0000e000 08:05 16423                      /usr/lib/jvm/java-7-openjdk-amd64/jre/lib/amd64/libverify.so
7f30c2e92000-7f30c2e94000 r--p 0000d000 08:05 16423                      /usr/lib/jvm/java-7-openjdk-amd64/jre/lib/amd64/libverify.so
7f30c2e94000-7f30c2e95000 rw-p 0000f000 08:05 16423                      /usr/lib/jvm/java-7-openjdk-amd64/jre/lib/amd64/libverify.so
7f30c2e95000-7f30c2e9c000 r-xp 00000000 08:05 2786811                    /lib/x86_64-linux-gnu/librt-2.15.so
7f30c2e9c000-7f30c309b000 ---p 00007000 08:05 2786811                    /lib/x86_64-linux-gnu/librt-2.15.so
7f30c309b000-7f30c309c000 r--p 00006000 08:05 2786811                    /lib/x86_64-linux-gnu/librt-2.15.so
7f30c309c000-7f30c309d000 rw-p 00007000 08:05 2786811                    /lib/x86_64-linux-gnu/librt-2.15.so
7f30c309d000-7f30c30b2000 r-xp 00000000 08:05 2756450                    /lib/x86_64-linux-gnu/libgcc_s.so.1
7f30c30b2000-7f30c32b1000 ---p 00015000 08:05 2756450                    /lib/x86_64-linux-gnu/libgcc_s.so.1
7f30c32b1000-7f30c32b2000 r--p 00014000 08:05 2756450                    /lib/x86_64-linux-gnu/libgcc_s.so.1
7f30c32b2000-7f30c32b3000 rw-p 00015000 08:05 2756450                    /lib/x86_64-linux-gnu/libgcc_s.so.1
7f30c32b3000-7f30c33ae000 r-xp 00000000 08:05 2786815                    /lib/x86_64-linux-gnu/libm-2.15.so
7f30c33ae000-7f30c35ad000 ---p 000fb000 08:05 2786815                    /lib/x86_64-linux-gnu/libm-2.15.so
7f30c35ad000-7f30c35ae000 r--p 000fa000 08:05 2786815                    /lib/x86_64-linux-gnu/libm-2.15.so
7f30c35ae000-7f30c35af000 rw-p 000fb000 08:05 2786815                    /lib/x86_64-linux-gnu/libm-2.15.so
7f30c35af000-7f30c3691000 r-xp 00000000 08:05 2629820                    /usr/lib/x86_64-linux-gnu/libstdc++.so.6.0.16
7f30c3691000-7f30c3890000 ---p 000e2000 08:05 2629820                    /usr/lib/x86_64-linux-gnu/libstdc++.so.6.0.16
7f30c3890000-7f30c3898000 r--p 000e1000 08:05 2629820                    /usr/lib/x86_64-linux-gnu/libstdc++.so.6.0.16
7f30c3898000-7f30c389a000 rw-p 000e9000 08:05 2629820                    /usr/lib/x86_64-linux-gnu/libstdc++.so.6.0.16
7f30c389a000-7f30c38af000 rw-p 00000000 00:00 0 
7f30c38af000-7f30c439c000 r-xp 00000000 08:05 16428                      /usr/lib/jvm/java-7-openjdk-amd64/jre/lib/amd64/server/libjvm.so
7f30c439c000-7f30c459b000 ---p 00aed000 08:05 16428                      /usr/lib/jvm/java-7-openjdk-amd64/jre/lib/amd64/server/libjvm.so
7f30c459b000-7f30c463c000 r--p 00aec000 08:05 16428                      /usr/lib/jvm/java-7-openjdk-amd64/jre/lib/amd64/server/libjvm.so
7f30c463c000-7f30c465f000 rw-p 00b8d000 08:05 16428                      /usr/lib/jvm/java-7-openjdk-amd64/jre/lib/amd64/server/libjvm.so
7f30c465f000-7f30c468c000 rw-p 00000000 00:00 0 
7f30c468c000-7f30c46a2000 r-xp 00000000 08:05 2756540                    /lib/x86_64-linux-gnu/libz.so.1.2.3.4
7f30c46a2000-7f30c48a1000 ---p 00016000 08:05 2756540                    /lib/x86_64-linux-gnu/libz.so.1.2.3.4
7f30c48a1000-7f30c48a2000 r--p 00015000 08:05 2756540                    /lib/x86_64-linux-gnu/libz.so.1.2.3.4
7f30c48a2000-7f30c48a3000 rw-p 00016000 08:05 2756540                    /lib/x86_64-linux-gnu/libz.so.1.2.3.4
7f30c48a3000-7f30c48bb000 r-xp 00000000 08:05 2786809                    /lib/x86_64-linux-gnu/libpthread-2.15.so
7f30c48bb000-7f30c4aba000 ---p 00018000 08:05 2786809                    /lib/x86_64-linux-gnu/libpthread-2.15.so
7f30c4aba000-7f30c4abb000 r--p 00017000 08:05 2786809                    /lib/x86_64-linux-gnu/libpthread-2.15.so
7f30c4abb000-7f30c4abc000 rw-p 00018000 08:05 2786809                    /lib/x86_64-linux-gnu/libpthread-2.15.so
7f30c4abc000-7f30c4ac0000 rw-p 00000000 00:00 0 
7f30c4ac0000-7f30c4ac2000 r-xp 00000000 08:05 2786819                    /lib/x86_64-linux-gnu/libdl-2.15.so
7f30c4ac2000-7f30c4cc2000 ---p 00002000 08:05 2786819                    /lib/x86_64-linux-gnu/libdl-2.15.so
7f30c4cc2000-7f30c4cc3000 r--p 00002000 08:05 2786819                    /lib/x86_64-linux-gnu/libdl-2.15.so
7f30c4cc3000-7f30c4cc4000 rw-p 00003000 08:05 2786819                    /lib/x86_64-linux-gnu/libdl-2.15.so
7f30c4cc4000-7f30c4e79000 r-xp 00000000 08:05 2786820                    /lib/x86_64-linux-gnu/libc-2.15.so
7f30c4e79000-7f30c5078000 ---p 001b5000 08:05 2786820                    /lib/x86_64-linux-gnu/libc-2.15.so
7f30c5078000-7f30c507c000 r--p 001b4000 08:05 2786820                    /lib/x86_64-linux-gnu/libc-2.15.so
7f30c507c000-7f30c507e000 rw-p 001b8000 08:05 2786820                    /lib/x86_64-linux-gnu/libc-2.15.so
7f30c507e000-7f30c5083000 rw-p 00000000 00:00 0 
7f30c5083000-7f30c5090000 r-xp 00000000 08:05 16408                      /usr/lib/jvm/java-7-openjdk-amd64/jre/lib/amd64/jli/libjli.so
7f30c5090000-7f30c528f000 ---p 0000d000 08:05 16408                      /usr/lib/jvm/java-7-openjdk-amd64/jre/lib/amd64/jli/libjli.so
7f30c528f000-7f30c5290000 r--p 0000c000 08:05 16408                      /usr/lib/jvm/java-7-openjdk-amd64/jre/lib/amd64/jli/libjli.so
7f30c5290000-7f30c5291000 rw-p 0000d000 08:05 16408                      /usr/lib/jvm/java-7-openjdk-amd64/jre/lib/amd64/jli/libjli.so
7f30c5291000-7f30c52b3000 r-xp 00000000 08:05 2786810                    /lib/x86_64-linux-gnu/ld-2.15.so
7f30c538a000-7f30c538d000 ---p 00000000 00:00 0 
7f30c538d000-7f30c5490000 rw-p 00000000 00:00 0                          [stack:15633]
7f30c54a5000-7f30c54a7000 rw-p 00000000 00:00 0 
7f30c54a7000-7f30c54af000 rw-s 00000000 08:05 2915480                    /tmp/hsperfdata_no_name/15632
7f30c54af000-7f30c54b0000 rw-p 00000000 00:00 0 
7f30c54b0000-7f30c54b1000 r--p 00000000 00:00 0 
7f30c54b1000-7f30c54b3000 rw-p 00000000 00:00 0 
7f30c54b3000-7f30c54b4000 r--p 00022000 08:05 2786810                    /lib/x86_64-linux-gnu/ld-2.15.so
7f30c54b4000-7f30c54b6000 rw-p 00023000 08:05 2786810                    /lib/x86_64-linux-gnu/ld-2.15.so
7fffd3ceb000-7fffd3d0d000 rw-p 00000000 00:00 0                          [stack]
7fffd3d87000-7fffd3d89000 r-xp 00000000 00:00 0                          [vdso]
ffffffffff600000-ffffffffff601000 r-xp 00000000 00:00 0                  [vsyscall]

VM Arguments:
jvm_args: -Xms1024m -Xmx1024m -XX:ReservedCodeCacheSize=128m -XX:MaxPermSize=256m 
java_command: /home/no_name/PredictionIO-0.9.1/sbt/sbt-launch-0.13.7.jar package assemblyPackageDependency
Launcher Type: SUN_STANDARD

Environment Variables:
JAVA_HOME=/usr/lib/jvm/java-7-openjdk-amd64
CLASSPATH=/home/no_name/PredictionIO-0.9.1/conf:/home/no_name/PredictionIO-0.9.1/lib/pio-assembly-0.9.1.jar:/home/no_name/PredictionIO-0.9.1/conf
PATH=/usr/lib/lightdm/lightdm:/usr/local/sbin:/usr/local/bin:/usr/sbin:/usr/bin:/sbin:/bin:/usr/games:/usr/local/hadoop/bin:/usr/local/hadoop/sbin:/home/no_name/PredictionIO-0.9.1/bin
SHELL=/bin/bash
DISPLAY=:0.0

Signal Handlers:
SIGSEGV: [libjvm.so+0x924de0], sa_mask[0]=0x7ffbfeff, sa_flags=0x10000004
SIGBUS: [libjvm.so+0x924de0], sa_mask[0]=0x7ffbfeff, sa_flags=0x10000004
SIGFPE: [libjvm.so+0x7a4d90], sa_mask[0]=0x7ffbfeff, sa_flags=0x10000004
SIGPIPE: [libjvm.so+0x7a4d90], sa_mask[0]=0x7ffbfeff, sa_flags=0x10000004
SIGXFSZ: [libjvm.so+0x7a4d90], sa_mask[0]=0x7ffbfeff, sa_flags=0x10000004
SIGILL: [libjvm.so+0x7a4d90], sa_mask[0]=0x7ffbfeff, sa_flags=0x10000004
SIGUSR1: SIG_DFL, sa_mask[0]=0x00000000, sa_flags=0x00000000
SIGUSR2: [libjvm.so+0x7a4fb0], sa_mask[0]=0x00000004, sa_flags=0x10000004
SIGHUP: SIG_DFL, sa_mask[0]=0x00000000, sa_flags=0x00000000
SIGINT: SIG_DFL, sa_mask[0]=0x00000000, sa_flags=0x00000000
SIGTERM: SIG_DFL, sa_mask[0]=0x00000000, sa_flags=0x00000000
SIGQUIT: SIG_DFL, sa_mask[0]=0x00000000, sa_flags=0x00000000
SIGTRAP: SIG_DFL, sa_mask[0]=0x00000000, sa_flags=0x00000000


---------------  S Y S T E M  ---------------

OS:Ubuntu 12.04 (precise)
uname:Linux 3.8.0-29-generic #42~precise1-Ubuntu SMP Wed Aug 14 16:19:23 UTC 2013 x86_64
libc:glibc 2.15 NPTL 2.15 
rlimit: STACK 8192k, CORE 0k, NPROC 30672, NOFILE 4096, AS infinity
load average:0.39 0.41 0.41

/proc/meminfo:
MemTotal:        3944892 kB
MemFree:          135236 kB
Buffers:           15272 kB
Cached:           568916 kB
SwapCached:        35316 kB
Active:          2552560 kB
Inactive:        1017424 kB
Active(anon):    2401000 kB
Inactive(anon):   864720 kB
Active(file):     151560 kB
Inactive(file):   152704 kB
Unevictable:          32 kB
Mlocked:              32 kB
SwapTotal:       1034236 kB
SwapFree:         166176 kB
Dirty:               216 kB
Writeback:             0 kB
AnonPages:       2951244 kB
Mapped:           185140 kB
Shmem:            279816 kB
Slab:              96216 kB
SReclaimable:      52144 kB
SUnreclaim:        44072 kB
KernelStack:        8576 kB
PageTables:        62752 kB
NFS_Unstable:          0 kB
Bounce:                0 kB
WritebackTmp:          0 kB
CommitLimit:     3006680 kB
Committed_AS:    9804284 kB
VmallocTotal:   34359738367 kB
VmallocUsed:      543748 kB
VmallocChunk:   34359190928 kB
HardwareCorrupted:     0 kB
AnonHugePages:         0 kB
HugePages_Total:       0
HugePages_Free:        0
HugePages_Rsvd:        0
HugePages_Surp:        0
Hugepagesize:       2048 kB
DirectMap4k:       71680 kB
DirectMap2M:     4030464 kB


CPU:total 4 (2 cores per cpu, 2 threads per core) family 6 model 58 stepping 9, cmov, cx8, fxsr, mmx, sse, sse2, sse3, ssse3, sse4.1, sse4.2, popcnt, avx, aes, erms, ht, tsc, tscinvbit, tscinv

/proc/cpuinfo:
processor	: 0
vendor_id	: GenuineIntel
cpu family	: 6
model		: 58
model name	: Intel(R) Core(TM) i5-3210M CPU @ 2.50GHz
stepping	: 9
microcode	: 0x15
cpu MHz		: 1200.000
cache size	: 3072 KB
physical id	: 0
siblings	: 4
core id		: 0
cpu cores	: 2
apicid		: 0
initial apicid	: 0
fpu		: yes
fpu_exception	: yes
cpuid level	: 13
wp		: yes
flags		: fpu vme de pse tsc msr pae mce cx8 apic sep mtrr pge mca cmov pat pse36 clflush dts acpi mmx fxsr sse sse2 ss ht tm pbe syscall nx rdtscp lm constant_tsc arch_perfmon pebs bts rep_good nopl xtopology nonstop_tsc aperfmperf eagerfpu pni pclmulqdq dtes64 monitor ds_cpl vmx est tm2 ssse3 cx16 xtpr pdcm pcid sse4_1 sse4_2 x2apic popcnt tsc_deadline_timer aes xsave avx f16c rdrand lahf_lm ida arat epb xsaveopt pln pts dtherm tpr_shadow vnmi flexpriority ept vpid fsgsbase smep erms
bogomips	: 4988.51
clflush size	: 64
cache_alignment	: 64
address sizes	: 36 bits physical, 48 bits virtual
power management:

processor	: 1
vendor_id	: GenuineIntel
cpu family	: 6
model		: 58
model name	: Intel(R) Core(TM) i5-3210M CPU @ 2.50GHz
stepping	: 9
microcode	: 0x15
cpu MHz		: 2501.000
cache size	: 3072 KB
physical id	: 0
siblings	: 4
core id		: 0
cpu cores	: 2
apicid		: 1
initial apicid	: 1
fpu		: yes
fpu_exception	: yes
cpuid level	: 13
wp		: yes
flags		: fpu vme de pse tsc msr pae mce cx8 apic sep mtrr pge mca cmov pat pse36 clflush dts acpi mmx fxsr sse sse2 ss ht tm pbe syscall nx rdtscp lm constant_tsc arch_perfmon pebs bts rep_good nopl xtopology nonstop_tsc aperfmperf eagerfpu pni pclmulqdq dtes64 monitor ds_cpl vmx est tm2 ssse3 cx16 xtpr pdcm pcid sse4_1 sse4_2 x2apic popcnt tsc_deadline_timer aes xsave avx f16c rdrand lahf_lm ida arat epb xsaveopt pln pts dtherm tpr_shadow vnmi flexpriority ept vpid fsgsbase smep erms
bogomips	: 4988.51
clflush size	: 64
cache_alignment	: 64
address sizes	: 36 bits physical, 48 bits virtual
power management:

processor	: 2
vendor_id	: GenuineIntel
cpu family	: 6
model		: 58
model name	: Intel(R) Core(TM) i5-3210M CPU @ 2.50GHz
stepping	: 9
microcode	: 0x15
cpu MHz		: 1200.000
cache size	: 3072 KB
physical id	: 0
siblings	: 4
core id		: 1
cpu cores	: 2
apicid		: 2
initial apicid	: 2
fpu		: yes
fpu_exception	: yes
cpuid level	: 13
wp		: yes
flags		: fpu vme de pse tsc msr pae mce cx8 apic sep mtrr pge mca cmov pat pse36 clflush dts acpi mmx fxsr sse sse2 ss ht tm pbe syscall nx rdtscp lm constant_tsc arch_perfmon pebs bts rep_good nopl xtopology nonstop_tsc aperfmperf eagerfpu pni pclmulqdq dtes64 monitor ds_cpl vmx est tm2 ssse3 cx16 xtpr pdcm pcid sse4_1 sse4_2 x2apic popcnt tsc_deadline_timer aes xsave avx f16c rdrand lahf_lm ida arat epb xsaveopt pln pts dtherm tpr_shadow vnmi flexpriority ept vpid fsgsbase smep erms
bogomips	: 4988.51
clflush size	: 64
cache_alignment	: 64
address sizes	: 36 bits physical, 48 bits virtual
power management:

processor	: 3
vendor_id	: GenuineIntel
cpu family	: 6
model		: 58
model name	: Intel(R) Core(TM) i5-3210M CPU @ 2.50GHz
stepping	: 9
microcode	: 0x15
cpu MHz		: 1200.000
cache size	: 3072 KB
physical id	: 0
siblings	: 4
core id		: 1
cpu cores	: 2
apicid		: 3
initial apicid	: 3
fpu		: yes
fpu_exception	: yes
cpuid level	: 13
wp		: yes
flags		: fpu vme de pse tsc msr pae mce cx8 apic sep mtrr pge mca cmov pat pse36 clflush dts acpi mmx fxsr sse sse2 ss ht tm pbe syscall nx rdtscp lm constant_tsc arch_perfmon pebs bts rep_good nopl xtopology nonstop_tsc aperfmperf eagerfpu pni pclmulqdq dtes64 monitor ds_cpl vmx est tm2 ssse3 cx16 xtpr pdcm pcid sse4_1 sse4_2 x2apic popcnt tsc_deadline_timer aes xsave avx f16c rdrand lahf_lm ida arat epb xsaveopt pln pts dtherm tpr_shadow vnmi flexpriority ept vpid fsgsbase smep erms
bogomips	: 4988.51
clflush size	: 64
cache_alignment	: 64
address sizes	: 36 bits physical, 48 bits virtual
power management:



Memory: 4k page, physical 3944892k(135236k free), swap 1034236k(166176k free)

vm_info: OpenJDK 64-Bit Server VM (24.65-b04) for linux-amd64 JRE (1.7.0_65-b32), built on Aug 23 2014 13:37:14 by "buildd" with gcc 4.6.3

time: Sat Mar 28 01:45:13 2015
elapsed time: 0 seconds

